<?xml version="1.0" encoding="UTF-8"?>
<testng-results ignored="0" total="1" passed="1" failed="0" skipped="0">
  <reporter-output>
  </reporter-output>
  <suite started-at="2024-06-24T12:42:39 IST" name="Default suite" finished-at="2024-06-24T12:43:14 IST" duration-ms="34976">
    <groups>
    </groups>
    <test started-at="2024-06-24T12:42:39 IST" name="Default test" finished-at="2024-06-24T12:43:14 IST" duration-ms="34976">
      <class name="Tests.Login_Test">
        <test-method is-config="true" signature="bt()[pri:0, instance:Tests.Login_Test@dd8ba08]" started-at="2024-06-24T12:42:39 IST" name="bt" finished-at="2024-06-24T12:42:46 IST" duration-ms="6773" status="PASS">
          <reporter-output>
          </reporter-output>
        </test-method> <!-- bt -->
        <test-method signature="TC_001()[pri:0, instance:Tests.Login_Test@dd8ba08]" started-at="2024-06-24T12:42:46 IST" name="TC_001" finished-at="2024-06-24T12:43:14 IST" duration-ms="28146" status="PASS">
          <reporter-output>
          </reporter-output>
        </test-method> <!-- TC_001 -->
      </class> <!-- Tests.Login_Test -->
    </test> <!-- Default test -->
  </suite> <!-- Default suite -->
</testng-results>
